[debug] [2024-12-28T10:30:49.914Z] ----------------------------------------------------------------------
[debug] [2024-12-28T10:30:49.925Z] Command:       C:\Program Files\nodejs\node.exe C:\Users\ADMIN\AppData\Roaming\npm\node_modules\firebase-tools\lib\bin\firebase.js init
[debug] [2024-12-28T10:30:49.927Z] CLI Version:   13.29.1
[debug] [2024-12-28T10:30:49.927Z] Platform:      win32
[debug] [2024-12-28T10:30:49.927Z] Node Version:  v22.12.0
[debug] [2024-12-28T10:30:49.928Z] Time:          Sat Dec 28 2024 18:30:49 GMT+0800 (China Standard Time)
[debug] [2024-12-28T10:30:49.929Z] ----------------------------------------------------------------------
[debug] 
[debug] [2024-12-28T10:30:49.948Z] > command requires scopes: ["email","openid","https://www.googleapis.com/auth/cloudplatformprojects.readonly","https://www.googleapis.com/auth/firebase","https://www.googleapis.com/auth/cloud-platform"]
[debug] [2024-12-28T10:30:49.949Z] > authorizing via signed-in user (dangelsmilkshake2005@gmail.com)
[info] 
     ######## #### ########  ######## ########     ###     ######  ########
     ##        ##  ##     ## ##       ##     ##  ##   ##  ##       ##
     ######    ##  ########  ######   ########  #########  ######  ######
     ##        ##  ##    ##  ##       ##     ## ##     ##       ## ##
     ##       #### ##     ## ######## ########  ##     ##  ######  ########

You're about to initialize a Firebase project in this directory:

  C:\Users\ADMIN\Documents\dangels-marble-distributor

[info] 
=== Project Setup
[info] 
[info] First, let's associate this project directory with a Firebase project.
[info] You can create multiple project aliases by running firebase use --add, 
[info] but for now we'll just set up a default project.
[info] 
[debug] [2024-12-28T10:31:07.503Z] Checked if tokens are valid: true, expires at: 1735384891327
[debug] [2024-12-28T10:31:07.503Z] Checked if tokens are valid: true, expires at: 1735384891327
[debug] [2024-12-28T10:31:07.506Z] >>> [apiv2][query] GET https://firebase.googleapis.com/v1beta1/projects pageSize=100
[debug] [2024-12-28T10:31:07.786Z] <<< [apiv2][status] GET https://firebase.googleapis.com/v1beta1/projects 401
[debug] [2024-12-28T10:31:07.787Z] <<< [apiv2][body] GET https://firebase.googleapis.com/v1beta1/projects [omitted]
[debug] [2024-12-28T10:31:07.787Z] Got a 401 Unauthenticated error for a call that required authentication. Refreshing tokens.
[debug] [2024-12-28T10:31:07.787Z] Checked if tokens are valid: true, expires at: 1735384891327
[debug] [2024-12-28T10:31:07.787Z] Checked if tokens are valid: true, expires at: 1735384891327
[debug] [2024-12-28T10:31:07.790Z] Request to https://firebase.googleapis.com/v1beta1/projects?pageSize=100 had HTTP Error: 401, Request had invalid authentication credentials. Expected OAuth 2 access token, login cookie or other valid authentication credential. See https://developers.google.com/identity/sign-in/web/devconsole-project.
[debug] [2024-12-28T10:31:07.938Z] FirebaseError: Request to https://firebase.googleapis.com/v1beta1/projects?pageSize=100 had HTTP Error: 401, Request had invalid authentication credentials. Expected OAuth 2 access token, login cookie or other valid authentication credential. See https://developers.google.com/identity/sign-in/web/devconsole-project.
    at responseToError (C:\Users\ADMIN\AppData\Roaming\npm\node_modules\firebase-tools\lib\responseToError.js:52:12)
    at RetryOperation._fn (C:\Users\ADMIN\AppData\Roaming\npm\node_modules\firebase-tools\lib\apiv2.js:312:77)
    at process.processTicksAndRejections (node:internal/process/task_queues:105:5)
[error] 
[error] Error: Failed to list Firebase projects. See firebase-debug.log for more info.
[debug] [2024-12-28T10:32:22.275Z] ----------------------------------------------------------------------
[debug] [2024-12-28T10:32:22.304Z] Command:       C:\Program Files\nodejs\node.exe C:\Users\ADMIN\AppData\Roaming\npm\node_modules\firebase-tools\lib\bin\firebase.js init
[debug] [2024-12-28T10:32:22.305Z] CLI Version:   13.29.1
[debug] [2024-12-28T10:32:22.306Z] Platform:      win32
[debug] [2024-12-28T10:32:22.306Z] Node Version:  v22.12.0
[debug] [2024-12-28T10:32:22.307Z] Time:          Sat Dec 28 2024 18:32:22 GMT+0800 (China Standard Time)
[debug] [2024-12-28T10:32:22.308Z] ----------------------------------------------------------------------
[debug] 
[debug] [2024-12-28T10:32:22.343Z] > command requires scopes: ["email","openid","https://www.googleapis.com/auth/cloudplatformprojects.readonly","https://www.googleapis.com/auth/firebase","https://www.googleapis.com/auth/cloud-platform"]
[debug] [2024-12-28T10:32:22.345Z] > authorizing via signed-in user (dangelsmilkshake2005@gmail.com)
[info] 
     ######## #### ########  ######## ########     ###     ######  ########
     ##        ##  ##     ## ##       ##     ##  ##   ##  ##       ##
     ######    ##  ########  ######   ########  #########  ######  ######
     ##        ##  ##    ##  ##       ##     ## ##     ##       ## ##
     ##       #### ##     ## ######## ########  ##     ##  ######  ########

You're about to initialize a Firebase project in this directory:

  C:\Users\ADMIN\Documents\dangels-marble-distributor

[info] 
=== Project Setup
[info] 
[info] First, let's associate this project directory with a Firebase project.
[info] You can create multiple project aliases by running firebase use --add, 
[info] but for now we'll just set up a default project.
[info] 
[debug] [2024-12-28T10:32:34.176Z] Checked if tokens are valid: true, expires at: 1735384891327
[debug] [2024-12-28T10:32:34.176Z] Checked if tokens are valid: true, expires at: 1735384891327
[debug] [2024-12-28T10:32:34.179Z] >>> [apiv2][query] GET https://firebase.googleapis.com/v1beta1/projects pageSize=100
[debug] [2024-12-28T10:32:44.272Z] *** [apiv2] error from fetch(https://firebase.googleapis.com/v1beta1/projects?pageSize=100, {"headers":{},"method":"GET","signal":{}}): FetchError: request to https://firebase.googleapis.com/v1beta1/projects?pageSize=100 failed, reason: connect ECONNABORTED 142.251.220.234:443
[debug] [2024-12-28T10:32:44.273Z] Failed to make request to https://firebase.googleapis.com/v1beta1/projects?pageSize=100
[debug] [2024-12-28T10:32:44.564Z] FirebaseError: Failed to make request to https://firebase.googleapis.com/v1beta1/projects?pageSize=100
    at RetryOperation._fn (C:\Users\ADMIN\AppData\Roaming\npm\node_modules\firebase-tools\lib\apiv2.js:261:31)
    at process.processTicksAndRejections (node:internal/process/task_queues:105:5)
[error] 
[error] Error: Failed to list Firebase projects. See firebase-debug.log for more info.
